Build started 11/9/2015 1:08:04 AM.
     1>Project "C:\Users\Yohel\Documents\GitHub\TechShoes\TechShoes\TechShoes\TechShoes.vcxproj" on node 2 (Build target(s)).
     1>ClCompile:
         C:\Program Files (x86)\Microsoft Visual Studio 14.0\VC\bin\CL.exe /c /ZI /nologo /W3 /WX- /sdl /Od /Oy- /D WIN32 /D _DEBUG /D _CONSOLE /D _UNICODE /D UNICODE /Gm /EHsc /RTC1 /MDd /GS /fp:precise /Zc:wchar_t /Zc:forScope /Zc:inline /Fo"Debug\\" /Fd"Debug\vc140.pdb" /Gd /TP /analyze- /errorReport:prompt Almacen.cpp Factura.cpp Inventario.cpp LstAlmacenes.cpp LstFacturas.cpp LstInventario.cpp LstProductos.cpp NAlmacen.cpp NFactura.cpp NInventario.cpp NProducto.cpp Producto.cpp stdafx.cpp Tester.cpp
         Tester.cpp
         stdafx.cpp
         Producto.cpp
         NProducto.cpp
         NInventario.cpp
         NFactura.cpp
         NAlmacen.cpp
         LstProductos.cpp
         LstInventario.cpp
         LstFacturas.cpp
         LstAlmacenes.cpp
         Inventario.cpp
         Factura.cpp
         Almacen.cpp
         Generating Code...
     1>c:\users\yohel\documents\github\techshoes\techshoes\techshoes\lstalmacenes.cpp(150): warning C4715: 'LstAlmacenes::agregaAsc': not all control paths return a value
     1>c:\users\yohel\documents\github\techshoes\techshoes\techshoes\lstfacturas.cpp(181): warning C4715: 'LstFacturas::eliminar': not all control paths return a value
     1>c:\users\yohel\documents\github\techshoes\techshoes\techshoes\lstfacturas.cpp(145): warning C4715: 'LstFacturas::agregaAsc': not all control paths return a value
       Link:
         C:\Program Files (x86)\Microsoft Visual Studio 14.0\VC\bin\link.exe /ERRORREPORT:PROMPT /OUT:"C:\Users\Yohel\Documents\GitHub\TechShoes\TechShoes\Debug\TechShoes.exe" /INCREMENTAL /NOLOGO kernel32.lib user32.lib gdi32.lib winspool.lib comdlg32.lib advapi32.lib shell32.lib ole32.lib oleaut32.lib uuid.lib odbc32.lib odbccp32.lib /MANIFEST /MANIFESTUAC:"level='asInvoker' uiAccess='false'" /manifest:embed /Debug /PDB:"C:\Users\Yohel\Documents\GitHub\TechShoes\TechShoes\Debug\TechShoes.pdb" /SUBSYSTEM:CONSOLE /TLBID:1 /DYNAMICBASE /NXCOMPAT /IMPLIB:"C:\Users\Yohel\Documents\GitHub\TechShoes\TechShoes\Debug\TechShoes.lib" /MACHINE:X86 Debug\Almacen.obj
         Debug\Factura.obj
         Debug\Inventario.obj
         Debug\LstAlmacenes.obj
         Debug\LstFacturas.obj
         Debug\LstInventario.obj
         Debug\LstProductos.obj
         Debug\NAlmacen.obj
         Debug\NFactura.obj
         Debug\NInventario.obj
         Debug\NProducto.obj
         Debug\Producto.obj
         Debug\stdafx.obj
         Debug\Tester.obj
         TechShoes.vcxproj -> C:\Users\Yohel\Documents\GitHub\TechShoes\TechShoes\Debug\TechShoes.exe
     1>Done Building Project "C:\Users\Yohel\Documents\GitHub\TechShoes\TechShoes\TechShoes\TechShoes.vcxproj" (Build target(s)).

Build succeeded.

Time Elapsed 00:00:12.55
